<?xml version="1.0" encoding="UTF-8"?>
<testsuite xmlns:xsi="http://www.w3.org/2001/XMLSchema-instance" xsi:noNamespaceSchemaLocation="https://maven.apache.org/surefire/maven-surefire-plugin/xsd/surefire-test-report.xsd" name="com.example.helloworld.db.PersonDAOIntegrationTest" time="0.006" tests="1" errors="0" skipped="1" failures="0">
  <properties>
[...]
</properties>
  <testcase name="com.example.helloworld.db.PersonDAOIntegrationTest" classname="com.example.helloworld.db.PersonDAOIntegrationTest" time="0">
    <skipped message="disabledWithoutDocker is true and Docker is not available"/>
    <system-out><![CDATA[17:40:29.813 [main] DEBUG org.testcontainers.utility.TestcontainersConfiguration - Testcontainers configuration overrides will be loaded from file:/home/ace/.testcontainers.properties
17:40:29.847 [main] WARN org.testcontainers.utility.TestcontainersConfiguration - Attempted to read Testcontainers configuration file at file:/home/ace/.testcontainers.properties but the file was not found. Exception message: FileNotFoundException: /home/ace/.testcontainers.properties (No such file or directory)
17:40:29.864 [main] INFO org.testcontainers.dockerclient.DockerMachineClientProviderStrategy - docker-machine executable was not found on PATH ([/usr/local/sbin, /usr/local/bin, /usr/sbin, /usr/bin, /sbin, /bin, /usr/games, /usr/local/games, /mnt/c/Program Files/Oculus/Support/oculus-runtime, /mnt/c/Program Files/AdoptOpenJDK/jdk-11.0.10.9-hotspot/bin, /mnt/c/Python39/Scripts/, /mnt/c/Python39/, /mnt/c/Program Files (x86)/Razer Chroma SDK/bin, /mnt/c/Program Files/Razer Chroma SDK/bin, /mnt/c/Program Files (x86)/Razer/ChromaBroadcast/bin, /mnt/c/Program Files/Razer/ChromaBroadcast/bin, /mnt/c/Windows/system32, /mnt/c/Windows, /mnt/c/Windows/System32/Wbem, /mnt/c/Windows/System32/WindowsPowerShell/v1.0/, /mnt/c/Windows/System32/OpenSSH/, /mnt/c/WINDOWS/system32, /mnt/c/WINDOWS, /mnt/c/WINDOWS/System32/Wbem, /mnt/c/WINDOWS/System32/WindowsPowerShell/v1.0/, /mnt/c/WINDOWS/System32/OpenSSH/, /mnt/c/Program Files (x86)/Shoreline Communications/ShoreWare Client/, /mnt/c/Program Files (x86)/Shoreline Communications/ShoreWare Client/win64, /mnt/c/Program Files/NVIDIA Corporation/NVIDIA NvDLISR, /mnt/c/Program Files (x86)/NVIDIA Corporation/PhysX/Common, /mnt/c/WINDOWS/system32/config/systemprofile/AppData/Local/Microsoft/WindowsApps, /mnt/c/Program Files/nodejs/, /mnt/c/ProgramData/chocolatey/bin, /mnt/c/Program Files/Microsoft SQL Server/130/Tools/Binn/, /mnt/c/WINDOWS/system32, /mnt/c/WINDOWS, /mnt/c/WINDOWS/System32/Wbem, /mnt/c/WINDOWS/System32/WindowsPowerShell/v1.0/, /mnt/c/WINDOWS/System32/OpenSSH/, /mnt/c/Program Files/Git/cmd, /mnt/c/Program Files/My Frameworks/apache-maven-3.8.1/bin, /mnt/c/Program Files/My Frameworks/jdk-11.0.2/bin, /mnt/c/Users/Steve Machine/AppData/Local/Microsoft/WindowsApps, /snap/bin])
17:40:29.865 [main] DEBUG org.testcontainers.dockerclient.RootlessDockerClientProviderStrategy - $XDG_RUNTIME_DIR is not set.
17:40:29.865 [main] DEBUG org.testcontainers.dockerclient.RootlessDockerClientProviderStrategy - '/home/ace/.docker/run' does not exist.
17:40:29.961 [main] DEBUG org.testcontainers.dockerclient.RootlessDockerClientProviderStrategy - '/run/user/1000' does not exist.
17:40:29.964 [main] DEBUG org.testcontainers.dockerclient.DockerClientProviderStrategy - UnixSocketClientProviderStrategy: failed with exception InvalidConfigurationException (Could not find unix domain socket). Root cause NoSuchFileException (/var/run/docker.sock)
17:40:29.964 [main] ERROR org.testcontainers.dockerclient.DockerClientProviderStrategy - Could not find a valid Docker environment. Please check configuration. Attempted configurations were:
17:40:29.964 [main] ERROR org.testcontainers.dockerclient.DockerClientProviderStrategy -     UnixSocketClientProviderStrategy: failed with exception InvalidConfigurationException (Could not find unix domain socket). Root cause NoSuchFileException (/var/run/docker.sock)
17:40:29.964 [main] ERROR org.testcontainers.dockerclient.DockerClientProviderStrategy - As no valid configuration was found, execution cannot continue
]]></system-out>
  </testcase>
</testsuite>